<?xml version="1.0" encoding="UTF-8"?>
<!-- Generated by org.testng.reporters.JUnitReportReporter -->
<testsuite skipped="0" hostname="LAPTOP-JM52ANU7" name="com.tm.hrm.set1.TestScriptDefinitions.M1_FirstSet" tests="5" failures="0" timestamp="23 May 2017 10:55:15 GMT" time="20.697" errors="0">
  <testcase name="TC101_AddEmergencyContactsAndVerify" time="20.689" classname="com.tm.hrm.set1.TestScriptDefinitions.M1_FirstSet"/>
  <testcase name="TC102_AddDependenciesAndVerify" time="0.003" classname="com.tm.hrm.set1.TestScriptDefinitions.M1_FirstSet"/>
  <testcase name="TC103_AddImmigrationDetailsAndVerify" time="0.001" classname="com.tm.hrm.set1.TestScriptDefinitions.M1_FirstSet"/>
  <testcase name="TC104_Immigration_AddAttachment" time="0.002" classname="com.tm.hrm.set1.TestScriptDefinitions.M1_FirstSet"/>
  <testcase name="TC105_Immigration_VerifyErrorMessage" time="0.002" classname="com.tm.hrm.set1.TestScriptDefinitions.M1_FirstSet"/>
</testsuite> <!-- com.tm.hrm.set1.TestScriptDefinitions.M1_FirstSet -->
