<?xml version="1.0" encoding="UTF-8"?>
<!-- Generated by org.testng.reporters.JUnitReportReporter -->
<testsuite skipped="1" hostname="LAPTOP-JM52ANU7" name="com.tm.hrm.set1.TestScriptDefinitions.M1_EmergencyContact" tests="2" failures="0" timestamp="21 May 2017 15:16:29 GMT" time="19.840" errors="0">
  <testcase name="TC01_EmergencyContacts_AddRecord" time="19.840" classname="com.tm.hrm.set1.TestScriptDefinitions.M1_EmergencyContact"/>
  <testcase name="TC03_EmergencyContacts_DeleteRecord" classname="com.tm.hrm.set1.TestScriptDefinitions.M1_EmergencyContact">
    <skipped/>
  </testcase> <!-- TC03_EmergencyContacts_DeleteRecord -->
</testsuite> <!-- com.tm.hrm.set1.TestScriptDefinitions.M1_EmergencyContact -->
