<?xml version="1.0" encoding="UTF-8"?>
<!-- Generated by org.testng.reporters.JUnitReportReporter -->
<testsuite hostname="LAPTOP-JM52ANU7" name="com.tm.hrm.set1.TestScriptDefinitions.M2_Dependents" tests="1" failures="0" timestamp="21 May 2017 14:41:06 GMT" time="39.579" errors="0">
  <testcase name="TC201_Dependents_AddRecord" time="39.579" classname="com.tm.hrm.set1.TestScriptDefinitions.M2_Dependents"/>
</testsuite> <!-- com.tm.hrm.set1.TestScriptDefinitions.M2_Dependents -->
